Release 14.7 - xst P.20131013 (nt64)
Copyright (c) 1995-2013 Xilinx, Inc.  All rights reserved.
--> Parameter TMPDIR set to xst/projnav.tmp


Total REAL time to Xst completion: 0.00 secs
Total CPU time to Xst completion: 0.20 secs
 
--> Parameter xsthdpdir set to xst


Total REAL time to Xst completion: 0.00 secs
Total CPU time to Xst completion: 0.21 secs
 
--> Reading design: Contador_8b.prj

TABLE OF CONTENTS
  1) Synthesis Options Summary
  2) HDL Compilation
  3) Design Hierarchy Analysis
  4) HDL Analysis
  5) HDL Synthesis
     5.1) HDL Synthesis Report
  6) Advanced HDL Synthesis
     6.1) Advanced HDL Synthesis Report
  7) Low Level Synthesis
  8) Partition Report
  9) Final Report
	9.1) Device utilization summary
	9.2) Partition Resource Summary
	9.3) TIMING REPORT


=========================================================================
*                      Synthesis Options Summary                        *
=========================================================================
---- Source Parameters
Input File Name                    : "Contador_8b.prj"
Input Format                       : mixed
Ignore Synthesis Constraint File   : NO

---- Target Parameters
Output File Name                   : "Contador_8b"
Output Format                      : NGC
Target Device                      : xc3s200-5-ft256

---- Source Options
Top Module Name                    : Contador_8b
Automatic FSM Extraction           : YES
FSM Encoding Algorithm             : Auto
Safe Implementation                : No
FSM Style                          : LUT
RAM Extraction                     : Yes
RAM Style                          : Auto
ROM Extraction                     : Yes
Mux Style                          : Auto
Decoder Extraction                 : YES
Priority Encoder Extraction        : Yes
Shift Register Extraction          : YES
Logical Shifter Extraction         : YES
XOR Collapsing                     : YES
ROM Style                          : Auto
Mux Extraction                     : Yes
Resource Sharing                   : YES
Asynchronous To Synchronous        : NO
Multiplier Style                   : Auto
Automatic Register Balancing       : No

---- Target Options
Add IO Buffers                     : YES
Global Maximum Fanout              : 100000
Add Generic Clock Buffer(BUFG)     : 8
Register Duplication               : YES
Slice Packing                      : YES
Optimize Instantiated Primitives   : NO
Use Clock Enable                   : Yes
Use Synchronous Set                : Yes
Use Synchronous Reset              : Yes
Pack IO Registers into IOBs        : Auto
Equivalent register Removal        : YES

---- General Options
Optimization Goal                  : Speed
Optimization Effort                : 1
Keep Hierarchy                     : No
Netlist Hierarchy                  : As_Optimized
RTL Output                         : Yes
Global Optimization                : AllClockNets
Read Cores                         : YES
Write Timing Constraints           : NO
Cross Clock Analysis               : NO
Hierarchy Separator                : /
Bus Delimiter                      : <>
Case Specifier                     : Maintain
Slice Utilization Ratio            : 100
BRAM Utilization Ratio             : 100
Verilog 2001                       : YES
Auto BRAM Packing                  : NO
Slice Utilization Ratio Delta      : 5

=========================================================================


=========================================================================
*                          HDL Compilation                              *
=========================================================================
Compiling vhdl file "C:/Users/daniel/Dropbox/Universidad/Semestre 7/Sis. digitales/laboratorio/Contador_Hexadecimal/INV.vhd" in Library work.
Architecture behavioral of Entity inv is up to date.
Compiling vhdl file "C:/Users/daniel/Dropbox/Universidad/Semestre 7/Sis. digitales/laboratorio/Contador_Hexadecimal/AND2.vhd" in Library work.
Architecture behavioral of Entity and2 is up to date.
Compiling vhdl file "C:/Users/daniel/Dropbox/Universidad/Semestre 7/Sis. digitales/laboratorio/Contador_Hexadecimal/OR2.vhd" in Library work.
Architecture behavioral of Entity or2 is up to date.
Compiling vhdl file "C:/Users/daniel/Dropbox/Universidad/Semestre 7/Sis. digitales/laboratorio/Contador_Hexadecimal/FFJK.vhd" in Library work.
Architecture behavioral of Entity ffjk is up to date.
Compiling vhdl file "C:/Users/daniel/Dropbox/Universidad/Semestre 7/Sis. digitales/laboratorio/Contador_Hexadecimal/FFSR.vhd" in Library work.
Architecture behavioral of Entity ffsr is up to date.
Compiling vhdl file "C:/Users/daniel/Dropbox/Universidad/Semestre 7/Sis. digitales/laboratorio/Contador_Hexadecimal/Contador_4b.vhd" in Library work.
Architecture structural of Entity contador_4b is up to date.
Compiling vhdl file "C:/Users/daniel/Dropbox/Universidad/Semestre 7/Sis. digitales/laboratorio/Contador_Hexadecimal/AND3.vhd" in Library work.
WARNING:HDLParsers:1406 - "C:/Users/daniel/Dropbox/Universidad/Semestre 7/Sis. digitales/laboratorio/Contador_Hexadecimal/AND3.vhd" Line 42. No sensitivity list and no wait in the process
Architecture behavioral of Entity and3 is up to date.
Compiling vhdl file "C:/Users/daniel/Dropbox/Universidad/Semestre 7/Sis. digitales/laboratorio/Contador_Hexadecimal/Contador_8b.vhd" in Library work.
Architecture structural of Entity contador_8b is up to date.

=========================================================================
*                     Design Hierarchy Analysis                         *
=========================================================================
Analyzing hierarchy for entity <Contador_8b> in library <work> (architecture <structural>).

Analyzing hierarchy for entity <AND2> in library <work> (architecture <behavioral>).

Analyzing hierarchy for entity <INV> in library <work> (architecture <behavioral>).

Analyzing hierarchy for entity <FFSR> in library <work> (architecture <behavioral>).

Analyzing hierarchy for entity <Contador_4b> in library <work> (architecture <structural>).

Analyzing hierarchy for entity <AND3> in library <work> (architecture <behavioral>).

Analyzing hierarchy for entity <OR2> in library <work> (architecture <behavioral>).

Analyzing hierarchy for entity <INV> in library <work> (architecture <behavioral>).

Analyzing hierarchy for entity <AND2> in library <work> (architecture <behavioral>).

Analyzing hierarchy for entity <FFJK> in library <work> (architecture <behavioral>).


=========================================================================
*                            HDL Analysis                               *
=========================================================================
Analyzing Entity <Contador_8b> in library <work> (Architecture <structural>).
Entity <Contador_8b> analyzed. Unit <Contador_8b> generated.

Analyzing Entity <AND2> in library <work> (Architecture <behavioral>).
Entity <AND2> analyzed. Unit <AND2> generated.

Analyzing Entity <INV> in library <work> (Architecture <behavioral>).
Entity <INV> analyzed. Unit <INV> generated.

Analyzing Entity <FFSR> in library <work> (Architecture <behavioral>).
Entity <FFSR> analyzed. Unit <FFSR> generated.

Analyzing Entity <Contador_4b> in library <work> (Architecture <structural>).
Entity <Contador_4b> analyzed. Unit <Contador_4b> generated.

Analyzing Entity <FFJK> in library <work> (Architecture <behavioral>).
WARNING:Xst:819 - "C:/Users/daniel/Dropbox/Universidad/Semestre 7/Sis. digitales/laboratorio/Contador_Hexadecimal/FFJK.vhd" line 46: One or more signals are missing in the process sensitivity list. To enable synthesis of FPGA/CPLD hardware, XST will assume that all necessary signals are present in the sensitivity list. Please note that the result of the synthesis may differ from the initial design specification. The missing signals are:
   <PRE_CARGA>
INFO:Xst:2679 - Register <Y> in unit <FFJK> has a constant value of 0 during circuit operation. The register is replaced by logic.
Entity <FFJK> analyzed. Unit <FFJK> generated.

Analyzing Entity <AND3> in library <work> (Architecture <behavioral>).
WARNING:Xst:819 - "C:/Users/daniel/Dropbox/Universidad/Semestre 7/Sis. digitales/laboratorio/Contador_Hexadecimal/AND3.vhd" line 42: One or more signals are missing in the process sensitivity list. To enable synthesis of FPGA/CPLD hardware, XST will assume that all necessary signals are present in the sensitivity list. Please note that the result of the synthesis may differ from the initial design specification. The missing signals are:
   <I0>, <I1>, <I2>
Entity <AND3> analyzed. Unit <AND3> generated.

Analyzing Entity <OR2> in library <work> (Architecture <behavioral>).
Entity <OR2> analyzed. Unit <OR2> generated.


=========================================================================
*                           HDL Synthesis                               *
=========================================================================

Performing bidirectional port resolution...

Synthesizing Unit <AND2>.
    Related source file is "C:/Users/daniel/Dropbox/Universidad/Semestre 7/Sis. digitales/laboratorio/Contador_Hexadecimal/AND2.vhd".
Unit <AND2> synthesized.


Synthesizing Unit <INV>.
    Related source file is "C:/Users/daniel/Dropbox/Universidad/Semestre 7/Sis. digitales/laboratorio/Contador_Hexadecimal/INV.vhd".
Unit <INV> synthesized.


Synthesizing Unit <FFSR>.
    Related source file is "C:/Users/daniel/Dropbox/Universidad/Semestre 7/Sis. digitales/laboratorio/Contador_Hexadecimal/FFSR.vhd".
    Found 1-bit register for signal <Y>.
    Summary:
	inferred   1 D-type flip-flop(s).
Unit <FFSR> synthesized.


Synthesizing Unit <AND3>.
    Related source file is "C:/Users/daniel/Dropbox/Universidad/Semestre 7/Sis. digitales/laboratorio/Contador_Hexadecimal/AND3.vhd".
Unit <AND3> synthesized.


Synthesizing Unit <OR2>.
    Related source file is "C:/Users/daniel/Dropbox/Universidad/Semestre 7/Sis. digitales/laboratorio/Contador_Hexadecimal/OR2.vhd".
Unit <OR2> synthesized.


Synthesizing Unit <FFJK>.
    Related source file is "C:/Users/daniel/Dropbox/Universidad/Semestre 7/Sis. digitales/laboratorio/Contador_Hexadecimal/FFJK.vhd".
WARNING:Xst:647 - Input <RESET> is never used. This port will be preserved and left unconnected if it belongs to a top-level block or it belongs to a sub-block and the hierarchy of this sub-block is preserved.
WARNING:Xst:737 - Found 1-bit latch for signal <Y>. Latches may be generated from incomplete case or if statements. We do not recommend the use of latches in FPGA/CPLD designs, as they may lead to timing problems.
    Found 1-bit register for signal <Y>.
    Summary:
	inferred   1 D-type flip-flop(s).
Unit <FFJK> synthesized.


Synthesizing Unit <Contador_4b>.
    Related source file is "C:/Users/daniel/Dropbox/Universidad/Semestre 7/Sis. digitales/laboratorio/Contador_Hexadecimal/Contador_4b.vhd".
Unit <Contador_4b> synthesized.


Synthesizing Unit <Contador_8b>.
    Related source file is "C:/Users/daniel/Dropbox/Universidad/Semestre 7/Sis. digitales/laboratorio/Contador_Hexadecimal/Contador_8b.vhd".
WARNING:Xst:653 - Signal <HIGH> is used but never assigned. This sourceless signal will be automatically connected to value 1.
WARNING:Xst:646 - Signal <CSN1> is assigned but never used. This unconnected signal will be trimmed during the optimization process.
WARNING:Xst:646 - Signal <CSN0> is assigned but never used. This unconnected signal will be trimmed during the optimization process.
WARNING:Xst:646 - Signal <CS1> is assigned but never used. This unconnected signal will be trimmed during the optimization process.
Unit <Contador_8b> synthesized.


=========================================================================
HDL Synthesis Report

Macro Statistics
# Registers                                            : 10
 1-bit register                                        : 10
# Latches                                              : 8
 1-bit latch                                           : 8

=========================================================================

=========================================================================
*                       Advanced HDL Synthesis                          *
=========================================================================

WARNING:Xst:79 - Model 'AND2' has different characteristics in destination library
WARNING:Xst:80 - Model name has been changed to 'AND21'
WARNING:Xst:79 - Model 'AND3' has different characteristics in destination library
WARNING:Xst:80 - Model name has been changed to 'AND31'
WARNING:Xst:79 - Model 'INV' has different characteristics in destination library
WARNING:Xst:80 - Model name has been changed to 'INV1'
WARNING:Xst:79 - Model 'OR2' has different characteristics in destination library
WARNING:Xst:80 - Model name has been changed to 'OR21'
WARNING:Xst:1290 - Hierarchical block <D16> is unconnected in block <L5>.
   It will be removed from the design.
WARNING:Xst:1290 - Hierarchical block <D17> is unconnected in block <L5>.
   It will be removed from the design.
WARNING:Xst:1290 - Hierarchical block <D18> is unconnected in block <L5>.
   It will be removed from the design.
WARNING:Xst:1290 - Hierarchical block <D13> is unconnected in block <L7>.
   It will be removed from the design.
WARNING:Xst:1290 - Hierarchical block <D14> is unconnected in block <L7>.
   It will be removed from the design.
WARNING:Xst:1290 - Hierarchical block <D15> is unconnected in block <L7>.
   It will be removed from the design.
WARNING:Xst:1290 - Hierarchical block <D16> is unconnected in block <L7>.
   It will be removed from the design.
WARNING:Xst:1290 - Hierarchical block <D17> is unconnected in block <L7>.
   It will be removed from the design.
WARNING:Xst:1290 - Hierarchical block <D18> is unconnected in block <L7>.
   It will be removed from the design.
WARNING:Xst:1710 - FF/Latch <Y> (without init value) has a constant value of 1 in block <L4>. This FF/Latch will be trimmed during the optimization process.
WARNING:Xst:1710 - FF/Latch <Y> (without init value) has a constant value of 1 in block <L13>. This FF/Latch will be trimmed during the optimization process.
WARNING:Xst:1290 - Hierarchical block <L2> is unconnected in block <Contador_8b>.
   It will be removed from the design.
WARNING:Xst:1290 - Hierarchical block <L3> is unconnected in block <Contador_8b>.
   It will be removed from the design.
WARNING:Xst:1290 - Hierarchical block <L4> is unconnected in block <Contador_8b>.
   It will be removed from the design.
WARNING:Xst:1290 - Hierarchical block <D1> is unconnected in block <L5>.
   It will be removed from the design.
WARNING:Xst:1290 - Hierarchical block <D2> is unconnected in block <L5>.
   It will be removed from the design.
WARNING:Xst:1290 - Hierarchical block <D3> is unconnected in block <L5>.
   It will be removed from the design.
WARNING:Xst:1290 - Hierarchical block <D4> is unconnected in block <L5>.
   It will be removed from the design.
WARNING:Xst:1290 - Hierarchical block <D7> is unconnected in block <L5>.
   It will be removed from the design.
WARNING:Xst:1290 - Hierarchical block <D10> is unconnected in block <L5>.
   It will be removed from the design.
WARNING:Xst:1290 - Hierarchical block <D1> is unconnected in block <L7>.
   It will be removed from the design.
WARNING:Xst:1290 - Hierarchical block <D2> is unconnected in block <L7>.
   It will be removed from the design.
WARNING:Xst:1290 - Hierarchical block <D3> is unconnected in block <L7>.
   It will be removed from the design.
WARNING:Xst:1290 - Hierarchical block <D4> is unconnected in block <L7>.
   It will be removed from the design.
WARNING:Xst:1290 - Hierarchical block <D7> is unconnected in block <L7>.
   It will be removed from the design.
WARNING:Xst:1290 - Hierarchical block <D10> is unconnected in block <L7>.
   It will be removed from the design.
WARNING:Xst:1290 - Hierarchical block <L8> is unconnected in block <Contador_8b>.
   It will be removed from the design.
WARNING:Xst:1290 - Hierarchical block <L9> is unconnected in block <Contador_8b>.
   It will be removed from the design.
WARNING:Xst:1290 - Hierarchical block <L10> is unconnected in block <Contador_8b>.
   It will be removed from the design.
WARNING:Xst:1290 - Hierarchical block <L11> is unconnected in block <Contador_8b>.
   It will be removed from the design.
WARNING:Xst:1290 - Hierarchical block <L12> is unconnected in block <Contador_8b>.
   It will be removed from the design.

=========================================================================
Advanced HDL Synthesis Report

Macro Statistics
# Registers                                            : 10
 Flip-Flops                                            : 10
# Latches                                              : 8
 1-bit latch                                           : 8

=========================================================================

=========================================================================
*                         Low Level Synthesis                           *
=========================================================================

ERROR:Xst:528 - Multi-source in Unit <FFJK> on signal <Y>; this signal is connected to multiple drivers.
Drivers are: 
   Output signal of LD instance <L5/FF1/Y_ren/0>
   Output signal of FDE instance <L5/FF1/Y>
   Signal <L5/FF1/Y> in Unit <FFJK> is assigned to GND

ERROR:Xst:528 - Multi-source in Unit <FFJK> on signal <Y>; this signal is connected to multiple drivers.
Drivers are: 
   Output signal of LD instance <L5/FF2/Y_ren/0>
   Output signal of FDE instance <L5/FF2/Y>
   Signal <L5/FF2/Y> in Unit <FFJK> is assigned to GND

ERROR:Xst:528 - Multi-source in Unit <FFJK> on signal <Y>; this signal is connected to multiple drivers.
Drivers are: 
   Output signal of LD instance <L5/FF3/Y_ren/0>
   Output signal of FDE instance <L5/FF3/Y>
   Signal <L5/FF3/Y> in Unit <FFJK> is assigned to GND

ERROR:Xst:528 - Multi-source in Unit <FFJK> on signal <Y>; this signal is connected to multiple drivers.
Drivers are: 
   Output signal of LD instance <L5/FF4/Y_ren/0>
   Output signal of FDE instance <L5/FF4/Y>
   Signal <L5/FF4/Y> in Unit <FFJK> is assigned to GND

ERROR:Xst:528 - Multi-source in Unit <FFJK> on signal <Y>; this signal is connected to multiple drivers.
Drivers are: 
   Output signal of LD instance <L7/FF1/Y_ren/0>
   Output signal of FDE instance <L7/FF1/Y>
   Signal <L7/FF1/Y> in Unit <FFJK> is assigned to GND

ERROR:Xst:528 - Multi-source in Unit <FFJK> on signal <Y>; this signal is connected to multiple drivers.
Drivers are: 
   Output signal of LD instance <L7/FF2/Y_ren/0>
   Output signal of FDE instance <L7/FF2/Y>
   Signal <L7/FF2/Y> in Unit <FFJK> is assigned to GND

ERROR:Xst:528 - Multi-source in Unit <FFJK> on signal <Y>; this signal is connected to multiple drivers.
Drivers are: 
   Output signal of LD instance <L7/FF3/Y_ren/0>
   Output signal of FDE instance <L7/FF3/Y>
   Signal <L7/FF3/Y> in Unit <FFJK> is assigned to GND

ERROR:Xst:528 - Multi-source in Unit <FFJK> on signal <Y>; this signal is connected to multiple drivers.
Drivers are: 
   Output signal of LD instance <L7/FF4/Y_ren/0>
   Output signal of FDE instance <L7/FF4/Y>
   Signal <L7/FF4/Y> in Unit <FFJK> is assigned to GND


Total REAL time to Xst completion: 6.00 secs
Total CPU time to Xst completion: 6.13 secs
 
--> 

Total memory usage is 265280 kilobytes

Number of errors   :    8 (   0 filtered)
Number of warnings :   48 (   0 filtered)
Number of infos    :    1 (   0 filtered)

